<?xml version="1.0" encoding="UTF-8"?>
<!-- Generated by org.testng.reporters.JUnitReportReporter -->
<testsuite hostname="LAPTOP-RQ2EQQR4" failures="0" tests="1" name="testScript.HomeTest" time="20.552" errors="0" timestamp="2025-05-29T11:56:03 IST" skipped="0">
  <testcase classname="testScript.HomeTest" name="verifyUserLogoutFromHomepage" time="20.552"/>
</testsuite> <!-- testScript.HomeTest -->
