<?xml version="1.0" encoding="UTF-8"?>
<!-- Generated by org.testng.reporters.JUnitReportReporter -->
<testsuite hostname="LAPTOP-RQ2EQQR4" failures="0" tests="1" name="testScript.ManageNewsTest" time="21.468" errors="0" timestamp="2025-05-29T12:03:08 IST" skipped="0">
  <testcase classname="testScript.ManageNewsTest" name="verifyAddNews" time="21.468"/>
</testsuite> <!-- testScript.ManageNewsTest -->
