<?xml version="1.0" encoding="UTF-8"?>
<!-- Generated by org.testng.reporters.JUnitReportReporter -->
<testsuite hostname="LAPTOP-RQ2EQQR4" failures="0" tests="1" name="testScript.ManageNewsTest" time="3.835" errors="0" timestamp="2025-05-20T13:13:21 IST" skipped="0">
  <testcase classname="testScript.ManageNewsTest" name="verifyAddNewnews" time="3.835"/>
</testsuite> <!-- testScript.ManageNewsTest -->
