<?xml version="1.0" encoding="UTF-8"?>
<!-- Generated by org.testng.reporters.JUnitReportReporter -->
<testsuite hostname="LAPTOP-RQ2EQQR4" failures="0" tests="1" name="testScript.LoginTest" time="45.748" errors="0" timestamp="2025-05-29T11:58:37 IST" skipped="0">
  <testcase classname="testScript.LoginTest" name="verifyUserLoginWithValidUsernameAndInvalidPassword" time="45.748"/>
</testsuite> <!-- testScript.LoginTest -->
